mode: set
github.com/a-khallaf/maknoon/cmd/maknoon/commands/decrypt.go:17.34,26.55 4 1
github.com/a-khallaf/maknoon/cmd/maknoon/commands/decrypt.go:26.55,29.18 3 1
github.com/a-khallaf/maknoon/cmd/maknoon/commands/decrypt.go:29.18,31.5 1 0
github.com/a-khallaf/maknoon/cmd/maknoon/commands/decrypt.go:32.4,35.18 3 1
github.com/a-khallaf/maknoon/cmd/maknoon/commands/decrypt.go:35.18,35.32 1 0
github.com/a-khallaf/maknoon/cmd/maknoon/commands/decrypt.go:38.4,39.53 2 1
github.com/a-khallaf/maknoon/cmd/maknoon/commands/decrypt.go:39.53,41.5 1 0
github.com/a-khallaf/maknoon/cmd/maknoon/commands/decrypt.go:42.4,49.24 5 1
github.com/a-khallaf/maknoon/cmd/maknoon/commands/decrypt.go:49.24,51.5 1 1
github.com/a-khallaf/maknoon/cmd/maknoon/commands/decrypt.go:51.10,51.64 1 1
github.com/a-khallaf/maknoon/cmd/maknoon/commands/decrypt.go:51.64,53.5 1 0
github.com/a-khallaf/maknoon/cmd/maknoon/commands/decrypt.go:55.4,56.35 2 1
github.com/a-khallaf/maknoon/cmd/maknoon/commands/decrypt.go:56.35,58.27 1 1
github.com/a-khallaf/maknoon/cmd/maknoon/commands/decrypt.go:58.27,62.20 4 0
github.com/a-khallaf/maknoon/cmd/maknoon/commands/decrypt.go:62.20,62.34 1 0
github.com/a-khallaf/maknoon/cmd/maknoon/commands/decrypt.go:63.6,63.18 1 0
github.com/a-khallaf/maknoon/cmd/maknoon/commands/decrypt.go:65.5,65.24 1 1
github.com/a-khallaf/maknoon/cmd/maknoon/commands/decrypt.go:66.10,66.46 1 1
github.com/a-khallaf/maknoon/cmd/maknoon/commands/decrypt.go:66.46,70.19 3 1
github.com/a-khallaf/maknoon/cmd/maknoon/commands/decrypt.go:70.19,70.79 1 0
github.com/a-khallaf/maknoon/cmd/maknoon/commands/decrypt.go:72.5,72.72 1 1
github.com/a-khallaf/maknoon/cmd/maknoon/commands/decrypt.go:72.72,74.28 1 0
github.com/a-khallaf/maknoon/cmd/maknoon/commands/decrypt.go:74.28,78.21 4 0
github.com/a-khallaf/maknoon/cmd/maknoon/commands/decrypt.go:78.21,78.35 1 0
github.com/a-khallaf/maknoon/cmd/maknoon/commands/decrypt.go:79.7,79.19 1 0
github.com/a-khallaf/maknoon/cmd/maknoon/commands/decrypt.go:81.6,82.103 2 0
github.com/a-khallaf/maknoon/cmd/maknoon/commands/decrypt.go:82.103,84.7 1 0
github.com/a-khallaf/maknoon/cmd/maknoon/commands/decrypt.go:85.6,85.36 1 0
github.com/a-khallaf/maknoon/cmd/maknoon/commands/decrypt.go:86.11,88.6 1 1
github.com/a-khallaf/maknoon/cmd/maknoon/commands/decrypt.go:89.10,91.5 1 0
github.com/a-khallaf/maknoon/cmd/maknoon/commands/decrypt.go:94.4,94.17 1 1
github.com/a-khallaf/maknoon/cmd/maknoon/commands/decrypt.go:94.17,95.26 1 1
github.com/a-khallaf/maknoon/cmd/maknoon/commands/decrypt.go:95.26,95.56 1 1
github.com/a-khallaf/maknoon/cmd/maknoon/commands/decrypt.go:96.5,96.40 1 1
github.com/a-khallaf/maknoon/cmd/maknoon/commands/decrypt.go:96.40,96.70 1 1
github.com/a-khallaf/maknoon/cmd/maknoon/commands/decrypt.go:100.4,106.14 5 1
github.com/a-khallaf/maknoon/cmd/maknoon/commands/decrypt.go:106.14,108.36 2 1
github.com/a-khallaf/maknoon/cmd/maknoon/commands/decrypt.go:108.36,110.6 1 1
github.com/a-khallaf/maknoon/cmd/maknoon/commands/decrypt.go:110.11,112.6 1 1
github.com/a-khallaf/maknoon/cmd/maknoon/commands/decrypt.go:113.5,113.28 1 1
github.com/a-khallaf/maknoon/cmd/maknoon/commands/decrypt.go:116.4,116.59 1 1
github.com/a-khallaf/maknoon/cmd/maknoon/commands/decrypt.go:120.2,123.12 4 1
github.com/a-khallaf/maknoon/cmd/maknoon/commands/decrypt.go:126.83,128.36 2 1
github.com/a-khallaf/maknoon/cmd/maknoon/commands/decrypt.go:128.36,130.17 2 0
github.com/a-khallaf/maknoon/cmd/maknoon/commands/decrypt.go:130.17,130.31 1 0
github.com/a-khallaf/maknoon/cmd/maknoon/commands/decrypt.go:131.3,132.23 2 0
github.com/a-khallaf/maknoon/cmd/maknoon/commands/decrypt.go:135.2,135.35 1 1
github.com/a-khallaf/maknoon/cmd/maknoon/commands/decrypt.go:135.35,137.3 1 0
github.com/a-khallaf/maknoon/cmd/maknoon/commands/decrypt.go:139.2,140.19 2 1
github.com/a-khallaf/maknoon/cmd/maknoon/commands/decrypt.go:140.19,141.44 1 0
github.com/a-khallaf/maknoon/cmd/maknoon/commands/decrypt.go:141.44,143.4 1 0
github.com/a-khallaf/maknoon/cmd/maknoon/commands/decrypt.go:143.9,145.4 1 0
github.com/a-khallaf/maknoon/cmd/maknoon/commands/decrypt.go:147.2,148.16 2 1
github.com/a-khallaf/maknoon/cmd/maknoon/commands/decrypt.go:148.16,148.30 1 0
github.com/a-khallaf/maknoon/cmd/maknoon/commands/decrypt.go:149.2,151.12 3 1
github.com/a-khallaf/maknoon/cmd/maknoon/commands/encrypt.go:13.34,23.55 5 1
github.com/a-khallaf/maknoon/cmd/maknoon/commands/encrypt.go:23.55,27.18 3 1
github.com/a-khallaf/maknoon/cmd/maknoon/commands/encrypt.go:27.18,29.5 1 0
github.com/a-khallaf/maknoon/cmd/maknoon/commands/encrypt.go:31.4,32.21 2 1
github.com/a-khallaf/maknoon/cmd/maknoon/commands/encrypt.go:32.21,34.5 1 0
github.com/a-khallaf/maknoon/cmd/maknoon/commands/encrypt.go:35.4,36.18 2 1
github.com/a-khallaf/maknoon/cmd/maknoon/commands/encrypt.go:36.18,38.5 1 0
github.com/a-khallaf/maknoon/cmd/maknoon/commands/encrypt.go:39.4,47.24 3 1
github.com/a-khallaf/maknoon/cmd/maknoon/commands/encrypt.go:47.24,50.19 3 1
github.com/a-khallaf/maknoon/cmd/maknoon/commands/encrypt.go:50.19,50.33 1 0
github.com/a-khallaf/maknoon/cmd/maknoon/commands/encrypt.go:51.5,51.24 1 1
github.com/a-khallaf/maknoon/cmd/maknoon/commands/encrypt.go:52.10,54.25 1 1
github.com/a-khallaf/maknoon/cmd/maknoon/commands/encrypt.go:54.25,56.6 1 1
github.com/a-khallaf/maknoon/cmd/maknoon/commands/encrypt.go:56.11,56.65 1 0
github.com/a-khallaf/maknoon/cmd/maknoon/commands/encrypt.go:56.65,58.6 1 0
github.com/a-khallaf/maknoon/cmd/maknoon/commands/encrypt.go:58.11,62.20 4 0
github.com/a-khallaf/maknoon/cmd/maknoon/commands/encrypt.go:62.20,62.34 1 0
github.com/a-khallaf/maknoon/cmd/maknoon/commands/encrypt.go:63.6,68.52 5 0
github.com/a-khallaf/maknoon/cmd/maknoon/commands/encrypt.go:68.52,70.7 1 0
github.com/a-khallaf/maknoon/cmd/maknoon/commands/encrypt.go:75.4,75.17 1 1
github.com/a-khallaf/maknoon/cmd/maknoon/commands/encrypt.go:75.17,76.33 1 1
github.com/a-khallaf/maknoon/cmd/maknoon/commands/encrypt.go:76.33,76.70 1 1
github.com/a-khallaf/maknoon/cmd/maknoon/commands/encrypt.go:79.4,83.20 3 1
github.com/a-khallaf/maknoon/cmd/maknoon/commands/encrypt.go:83.20,83.38 1 0
github.com/a-khallaf/maknoon/cmd/maknoon/commands/encrypt.go:84.4,87.47 3 1
github.com/a-khallaf/maknoon/cmd/maknoon/commands/encrypt.go:91.2,95.12 5 1
github.com/a-khallaf/maknoon/cmd/maknoon/commands/gen.go:19.30,28.55 5 1
github.com/a-khallaf/maknoon/cmd/maknoon/commands/gen.go:28.55,29.17 1 1
github.com/a-khallaf/maknoon/cmd/maknoon/commands/gen.go:29.17,32.32 2 1
github.com/a-khallaf/maknoon/cmd/maknoon/commands/gen.go:32.32,34.20 2 1
github.com/a-khallaf/maknoon/cmd/maknoon/commands/gen.go:34.20,36.7 1 0
github.com/a-khallaf/maknoon/cmd/maknoon/commands/gen.go:37.6,37.67 1 1
github.com/a-khallaf/maknoon/cmd/maknoon/commands/gen.go:40.5,41.37 2 1
github.com/a-khallaf/maknoon/cmd/maknoon/commands/gen.go:41.37,43.31 2 1
github.com/a-khallaf/maknoon/cmd/maknoon/commands/gen.go:43.31,45.7 1 1
github.com/a-khallaf/maknoon/cmd/maknoon/commands/gen.go:47.5,50.31 2 1
github.com/a-khallaf/maknoon/cmd/maknoon/commands/gen.go:50.31,52.6 1 1
github.com/a-khallaf/maknoon/cmd/maknoon/commands/gen.go:53.5,54.15 2 1
github.com/a-khallaf/maknoon/cmd/maknoon/commands/gen.go:58.4,59.18 2 1
github.com/a-khallaf/maknoon/cmd/maknoon/commands/gen.go:59.18,61.5 1 1
github.com/a-khallaf/maknoon/cmd/maknoon/commands/gen.go:63.4,64.32 2 1
github.com/a-khallaf/maknoon/cmd/maknoon/commands/gen.go:64.32,66.19 2 1
github.com/a-khallaf/maknoon/cmd/maknoon/commands/gen.go:66.19,68.6 1 0
github.com/a-khallaf/maknoon/cmd/maknoon/commands/gen.go:69.5,69.39 1 1
github.com/a-khallaf/maknoon/cmd/maknoon/commands/gen.go:72.4,75.17 2 1
github.com/a-khallaf/maknoon/cmd/maknoon/commands/gen.go:75.17,76.29 1 1
github.com/a-khallaf/maknoon/cmd/maknoon/commands/gen.go:76.29,78.6 1 1
github.com/a-khallaf/maknoon/cmd/maknoon/commands/gen.go:81.4,81.14 1 1
github.com/a-khallaf/maknoon/cmd/maknoon/commands/gen.go:85.2,90.12 5 1
github.com/a-khallaf/maknoon/cmd/maknoon/commands/helpers.go:9.41,10.41 1 1
github.com/a-khallaf/maknoon/cmd/maknoon/commands/helpers.go:10.41,12.3 1 1
github.com/a-khallaf/maknoon/cmd/maknoon/commands/helpers.go:14.2,16.48 3 1
github.com/a-khallaf/maknoon/cmd/maknoon/commands/helpers.go:16.48,18.3 1 0
github.com/a-khallaf/maknoon/cmd/maknoon/commands/helpers.go:19.2,19.13 1 1
github.com/a-khallaf/maknoon/cmd/maknoon/commands/keygen.go:15.33,23.55 4 1
github.com/a-khallaf/maknoon/cmd/maknoon/commands/keygen.go:23.55,25.18 2 1
github.com/a-khallaf/maknoon/cmd/maknoon/commands/keygen.go:25.18,25.32 1 0
github.com/a-khallaf/maknoon/cmd/maknoon/commands/keygen.go:26.4,26.25 1 1
github.com/a-khallaf/maknoon/cmd/maknoon/commands/keygen.go:26.25,28.5 1 1
github.com/a-khallaf/maknoon/cmd/maknoon/commands/keygen.go:30.4,32.18 3 1
github.com/a-khallaf/maknoon/cmd/maknoon/commands/keygen.go:32.18,32.79 1 0
github.com/a-khallaf/maknoon/cmd/maknoon/commands/keygen.go:34.4,34.17 1 1
github.com/a-khallaf/maknoon/cmd/maknoon/commands/keygen.go:34.17,37.5 2 1
github.com/a-khallaf/maknoon/cmd/maknoon/commands/keygen.go:39.4,40.92 2 1
github.com/a-khallaf/maknoon/cmd/maknoon/commands/keygen.go:44.2,47.12 4 1
github.com/a-khallaf/maknoon/cmd/maknoon/commands/keygen.go:50.75,51.16 1 1
github.com/a-khallaf/maknoon/cmd/maknoon/commands/keygen.go:51.16,54.3 2 1
github.com/a-khallaf/maknoon/cmd/maknoon/commands/keygen.go:55.2,55.18 1 1
github.com/a-khallaf/maknoon/cmd/maknoon/commands/keygen.go:55.18,57.3 1 0
github.com/a-khallaf/maknoon/cmd/maknoon/commands/keygen.go:58.2,58.55 1 1
github.com/a-khallaf/maknoon/cmd/maknoon/commands/keygen.go:58.55,60.3 1 1
github.com/a-khallaf/maknoon/cmd/maknoon/commands/keygen.go:62.2,65.16 4 0
github.com/a-khallaf/maknoon/cmd/maknoon/commands/keygen.go:65.16,65.35 1 0
github.com/a-khallaf/maknoon/cmd/maknoon/commands/keygen.go:67.2,67.16 1 0
github.com/a-khallaf/maknoon/cmd/maknoon/commands/keygen.go:67.16,71.35 4 0
github.com/a-khallaf/maknoon/cmd/maknoon/commands/keygen.go:71.35,73.4 1 0
github.com/a-khallaf/maknoon/cmd/maknoon/commands/keygen.go:75.2,75.15 1 0
github.com/a-khallaf/maknoon/cmd/maknoon/commands/keygen.go:78.57,84.18 5 1
github.com/a-khallaf/maknoon/cmd/maknoon/commands/keygen.go:84.18,86.3 1 1
github.com/a-khallaf/maknoon/cmd/maknoon/commands/keygen.go:88.2,89.100 2 1
github.com/a-khallaf/maknoon/cmd/maknoon/commands/keygen.go:89.100,92.3 2 1
github.com/a-khallaf/maknoon/cmd/maknoon/commands/keygen.go:93.2,93.27 1 1
github.com/a-khallaf/maknoon/cmd/maknoon/commands/keygen.go:96.108,97.67 1 1
github.com/a-khallaf/maknoon/cmd/maknoon/commands/keygen.go:97.67,99.37 2 1
github.com/a-khallaf/maknoon/cmd/maknoon/commands/keygen.go:99.37,101.101 2 1
github.com/a-khallaf/maknoon/cmd/maknoon/commands/keygen.go:101.101,103.5 1 0
github.com/a-khallaf/maknoon/cmd/maknoon/commands/keygen.go:104.4,104.25 1 1
github.com/a-khallaf/maknoon/cmd/maknoon/commands/keygen.go:106.3,107.16 2 1
github.com/a-khallaf/maknoon/cmd/maknoon/commands/keygen.go:107.16,107.31 1 1
github.com/a-khallaf/maknoon/cmd/maknoon/commands/keygen.go:108.3,108.45 1 1
github.com/a-khallaf/maknoon/cmd/maknoon/commands/keygen.go:111.2,111.69 1 1
github.com/a-khallaf/maknoon/cmd/maknoon/commands/keygen.go:111.69,111.83 1 0
github.com/a-khallaf/maknoon/cmd/maknoon/commands/keygen.go:112.2,112.69 1 1
github.com/a-khallaf/maknoon/cmd/maknoon/commands/keygen.go:112.69,112.83 1 0
github.com/a-khallaf/maknoon/cmd/maknoon/commands/keygen.go:113.2,113.69 1 1
github.com/a-khallaf/maknoon/cmd/maknoon/commands/keygen.go:113.69,113.83 1 0
github.com/a-khallaf/maknoon/cmd/maknoon/commands/keygen.go:114.2,114.69 1 1
github.com/a-khallaf/maknoon/cmd/maknoon/commands/keygen.go:114.69,114.83 1 0
github.com/a-khallaf/maknoon/cmd/maknoon/commands/keygen.go:116.2,119.12 4 1
github.com/a-khallaf/maknoon/cmd/maknoon/commands/sign.go:12.31,20.55 3 1
github.com/a-khallaf/maknoon/cmd/maknoon/commands/sign.go:20.55,23.18 3 1
github.com/a-khallaf/maknoon/cmd/maknoon/commands/sign.go:23.18,25.5 1 0
github.com/a-khallaf/maknoon/cmd/maknoon/commands/sign.go:27.4,28.26 2 1
github.com/a-khallaf/maknoon/cmd/maknoon/commands/sign.go:28.26,30.5 1 0
github.com/a-khallaf/maknoon/cmd/maknoon/commands/sign.go:32.4,33.18 2 1
github.com/a-khallaf/maknoon/cmd/maknoon/commands/sign.go:33.18,35.5 1 0
github.com/a-khallaf/maknoon/cmd/maknoon/commands/sign.go:38.4,38.71 1 1
github.com/a-khallaf/maknoon/cmd/maknoon/commands/sign.go:38.71,40.27 2 0
github.com/a-khallaf/maknoon/cmd/maknoon/commands/sign.go:40.27,41.59 1 0
github.com/a-khallaf/maknoon/cmd/maknoon/commands/sign.go:41.59,43.7 1 0
github.com/a-khallaf/maknoon/cmd/maknoon/commands/sign.go:45.5,45.27 1 0
github.com/a-khallaf/maknoon/cmd/maknoon/commands/sign.go:45.27,47.6 1 0
github.com/a-khallaf/maknoon/cmd/maknoon/commands/sign.go:49.5,50.102 2 0
github.com/a-khallaf/maknoon/cmd/maknoon/commands/sign.go:50.102,52.6 1 0
github.com/a-khallaf/maknoon/cmd/maknoon/commands/sign.go:53.5,54.18 2 0
github.com/a-khallaf/maknoon/cmd/maknoon/commands/sign.go:54.18,55.30 1 0
github.com/a-khallaf/maknoon/cmd/maknoon/commands/sign.go:55.30,57.7 1 0
github.com/a-khallaf/maknoon/cmd/maknoon/commands/sign.go:61.4,62.18 2 1
github.com/a-khallaf/maknoon/cmd/maknoon/commands/sign.go:62.18,64.5 1 0
github.com/a-khallaf/maknoon/cmd/maknoon/commands/sign.go:66.4,67.59 2 1
github.com/a-khallaf/maknoon/cmd/maknoon/commands/sign.go:67.59,69.5 1 0
github.com/a-khallaf/maknoon/cmd/maknoon/commands/sign.go:71.4,72.14 2 1
github.com/a-khallaf/maknoon/cmd/maknoon/commands/sign.go:76.2,78.12 3 1
github.com/a-khallaf/maknoon/cmd/maknoon/commands/vault.go:27.32,41.2 7 1
github.com/a-khallaf/maknoon/cmd/maknoon/commands/vault.go:43.45,47.60 3 1
github.com/a-khallaf/maknoon/cmd/maknoon/commands/vault.go:47.60,50.3 2 0
github.com/a-khallaf/maknoon/cmd/maknoon/commands/vault.go:52.2,53.16 2 1
github.com/a-khallaf/maknoon/cmd/maknoon/commands/vault.go:53.16,55.3 1 0
github.com/a-khallaf/maknoon/cmd/maknoon/commands/vault.go:57.2,58.37 2 1
github.com/a-khallaf/maknoon/cmd/maknoon/commands/vault.go:58.37,62.18 4 1
github.com/a-khallaf/maknoon/cmd/maknoon/commands/vault.go:62.18,66.4 3 1
github.com/a-khallaf/maknoon/cmd/maknoon/commands/vault.go:67.3,67.13 1 1
github.com/a-khallaf/maknoon/cmd/maknoon/commands/vault.go:70.2,71.27 2 1
github.com/a-khallaf/maknoon/cmd/maknoon/commands/vault.go:71.27,73.3 1 1
github.com/a-khallaf/maknoon/cmd/maknoon/commands/vault.go:73.8,73.62 1 0
github.com/a-khallaf/maknoon/cmd/maknoon/commands/vault.go:73.62,75.3 1 0
github.com/a-khallaf/maknoon/cmd/maknoon/commands/vault.go:75.8,80.3 4 0
github.com/a-khallaf/maknoon/cmd/maknoon/commands/vault.go:82.2,85.27 3 1
github.com/a-khallaf/maknoon/cmd/maknoon/commands/vault.go:88.35,93.55 2 1
github.com/a-khallaf/maknoon/cmd/maknoon/commands/vault.go:93.55,96.21 3 1
github.com/a-khallaf/maknoon/cmd/maknoon/commands/vault.go:96.21,98.5 1 1
github.com/a-khallaf/maknoon/cmd/maknoon/commands/vault.go:98.10,103.5 4 0
github.com/a-khallaf/maknoon/cmd/maknoon/commands/vault.go:105.4,106.18 2 1
github.com/a-khallaf/maknoon/cmd/maknoon/commands/vault.go:106.18,108.5 1 0
github.com/a-khallaf/maknoon/cmd/maknoon/commands/vault.go:109.4,116.46 6 1
github.com/a-khallaf/maknoon/cmd/maknoon/commands/vault.go:116.46,118.5 1 1
github.com/a-khallaf/maknoon/cmd/maknoon/commands/vault.go:121.2,123.12 3 1
github.com/a-khallaf/maknoon/cmd/maknoon/commands/vault.go:126.35,130.55 1 1
github.com/a-khallaf/maknoon/cmd/maknoon/commands/vault.go:130.55,133.18 3 1
github.com/a-khallaf/maknoon/cmd/maknoon/commands/vault.go:133.18,135.5 1 0
github.com/a-khallaf/maknoon/cmd/maknoon/commands/vault.go:136.4,141.37 5 1
github.com/a-khallaf/maknoon/cmd/maknoon/commands/vault.go:141.37,144.5 2 1
github.com/a-khallaf/maknoon/cmd/maknoon/commands/vault.go:146.4,146.25 1 1
github.com/a-khallaf/maknoon/cmd/maknoon/commands/vault.go:146.25,148.5 1 1
github.com/a-khallaf/maknoon/cmd/maknoon/commands/vault.go:149.4,150.18 2 1
github.com/a-khallaf/maknoon/cmd/maknoon/commands/vault.go:150.18,152.5 1 0
github.com/a-khallaf/maknoon/cmd/maknoon/commands/vault.go:154.4,155.14 2 1
github.com/a-khallaf/maknoon/cmd/maknoon/commands/vault.go:160.36,163.55 1 1
github.com/a-khallaf/maknoon/cmd/maknoon/commands/vault.go:163.55,165.18 2 1
github.com/a-khallaf/maknoon/cmd/maknoon/commands/vault.go:165.18,167.5 1 0
github.com/a-khallaf/maknoon/cmd/maknoon/commands/vault.go:168.4,171.44 3 1
github.com/a-khallaf/maknoon/cmd/maknoon/commands/vault.go:171.44,172.75 1 1
github.com/a-khallaf/maknoon/cmd/maknoon/commands/vault.go:172.75,174.20 2 1
github.com/a-khallaf/maknoon/cmd/maknoon/commands/vault.go:174.20,176.7 1 1
github.com/a-khallaf/maknoon/cmd/maknoon/commands/vault.go:177.6,177.16 1 1
github.com/a-khallaf/maknoon/cmd/maknoon/commands/verify.go:11.33,19.55 3 1
github.com/a-khallaf/maknoon/cmd/maknoon/commands/verify.go:19.55,22.18 3 1
github.com/a-khallaf/maknoon/cmd/maknoon/commands/verify.go:22.18,24.5 1 0
github.com/a-khallaf/maknoon/cmd/maknoon/commands/verify.go:26.4,26.27 1 1
github.com/a-khallaf/maknoon/cmd/maknoon/commands/verify.go:26.27,28.5 1 1
github.com/a-khallaf/maknoon/cmd/maknoon/commands/verify.go:29.4,30.18 2 1
github.com/a-khallaf/maknoon/cmd/maknoon/commands/verify.go:30.18,32.5 1 0
github.com/a-khallaf/maknoon/cmd/maknoon/commands/verify.go:34.4,36.18 3 1
github.com/a-khallaf/maknoon/cmd/maknoon/commands/verify.go:36.18,38.5 1 0
github.com/a-khallaf/maknoon/cmd/maknoon/commands/verify.go:40.4,41.13 2 1
github.com/a-khallaf/maknoon/cmd/maknoon/commands/verify.go:41.13,43.5 1 1
github.com/a-khallaf/maknoon/cmd/maknoon/commands/verify.go:43.10,45.5 1 0
github.com/a-khallaf/maknoon/cmd/maknoon/commands/verify.go:47.4,47.14 1 1
github.com/a-khallaf/maknoon/cmd/maknoon/commands/verify.go:51.2,53.12 3 1
github.com/a-khallaf/maknoon/cmd/maknoon/main.go:10.13,25.42 9 0
github.com/a-khallaf/maknoon/cmd/maknoon/main.go:25.42,27.3 1 0
github.com/a-khallaf/maknoon/pkg/crypto/asymmetric.go:12.79,15.16 2 1
github.com/a-khallaf/maknoon/pkg/crypto/asymmetric.go:15.16,17.3 1 0
github.com/a-khallaf/maknoon/pkg/crypto/asymmetric.go:18.2,23.16 4 1
github.com/a-khallaf/maknoon/pkg/crypto/asymmetric.go:23.16,25.26 1 0
github.com/a-khallaf/maknoon/pkg/crypto/asymmetric.go:25.26,27.4 1 0
github.com/a-khallaf/maknoon/pkg/crypto/asymmetric.go:28.3,28.33 1 0
github.com/a-khallaf/maknoon/pkg/crypto/asymmetric.go:30.2,33.46 3 1
github.com/a-khallaf/maknoon/pkg/crypto/asymmetric.go:37.68,39.15 1 1
github.com/a-khallaf/maknoon/pkg/crypto/asymmetric.go:39.15,40.31 1 1
github.com/a-khallaf/maknoon/pkg/crypto/asymmetric.go:40.31,42.4 1 1
github.com/a-khallaf/maknoon/pkg/crypto/asymmetric.go:45.2,46.57 2 1
github.com/a-khallaf/maknoon/pkg/crypto/asymmetric.go:46.57,48.3 1 0
github.com/a-khallaf/maknoon/pkg/crypto/asymmetric.go:50.2,51.68 2 1
github.com/a-khallaf/maknoon/pkg/crypto/asymmetric.go:51.68,53.3 1 0
github.com/a-khallaf/maknoon/pkg/crypto/asymmetric.go:54.2,54.17 1 1
github.com/a-khallaf/maknoon/pkg/crypto/asymmetric.go:58.81,60.56 2 1
github.com/a-khallaf/maknoon/pkg/crypto/asymmetric.go:60.56,62.3 1 0
github.com/a-khallaf/maknoon/pkg/crypto/asymmetric.go:63.2,63.52 1 1
github.com/a-khallaf/maknoon/pkg/crypto/decrypt.go:16.77,19.50 2 1
github.com/a-khallaf/maknoon/pkg/crypto/decrypt.go:19.50,21.3 1 1
github.com/a-khallaf/maknoon/pkg/crypto/decrypt.go:23.2,23.39 1 1
github.com/a-khallaf/maknoon/pkg/crypto/decrypt.go:23.39,25.3 1 0
github.com/a-khallaf/maknoon/pkg/crypto/decrypt.go:26.2,26.26 1 1
github.com/a-khallaf/maknoon/pkg/crypto/decrypt.go:26.26,28.3 1 1
github.com/a-khallaf/maknoon/pkg/crypto/decrypt.go:29.2,36.15 5 1
github.com/a-khallaf/maknoon/pkg/crypto/decrypt.go:36.15,37.22 1 1
github.com/a-khallaf/maknoon/pkg/crypto/decrypt.go:37.22,39.4 1 1
github.com/a-khallaf/maknoon/pkg/crypto/decrypt.go:43.2,44.16 2 1
github.com/a-khallaf/maknoon/pkg/crypto/decrypt.go:44.16,46.3 1 0
github.com/a-khallaf/maknoon/pkg/crypto/decrypt.go:49.2,49.52 1 1
github.com/a-khallaf/maknoon/pkg/crypto/decrypt.go:53.95,56.55 2 1
github.com/a-khallaf/maknoon/pkg/crypto/decrypt.go:56.55,58.3 1 0
github.com/a-khallaf/maknoon/pkg/crypto/decrypt.go:60.2,60.48 1 1
github.com/a-khallaf/maknoon/pkg/crypto/decrypt.go:60.48,62.3 1 0
github.com/a-khallaf/maknoon/pkg/crypto/decrypt.go:63.2,63.31 1 1
github.com/a-khallaf/maknoon/pkg/crypto/decrypt.go:63.31,65.3 1 0
github.com/a-khallaf/maknoon/pkg/crypto/decrypt.go:66.2,71.46 4 1
github.com/a-khallaf/maknoon/pkg/crypto/decrypt.go:71.46,73.3 1 0
github.com/a-khallaf/maknoon/pkg/crypto/decrypt.go:76.2,77.53 2 1
github.com/a-khallaf/maknoon/pkg/crypto/decrypt.go:77.53,79.3 1 0
github.com/a-khallaf/maknoon/pkg/crypto/decrypt.go:82.2,83.16 2 1
github.com/a-khallaf/maknoon/pkg/crypto/decrypt.go:83.16,85.3 1 0
github.com/a-khallaf/maknoon/pkg/crypto/decrypt.go:86.2,87.16 2 1
github.com/a-khallaf/maknoon/pkg/crypto/decrypt.go:87.16,89.3 1 0
github.com/a-khallaf/maknoon/pkg/crypto/decrypt.go:90.2,90.15 1 1
github.com/a-khallaf/maknoon/pkg/crypto/decrypt.go:90.15,91.21 1 1
github.com/a-khallaf/maknoon/pkg/crypto/decrypt.go:91.21,93.4 1 1
github.com/a-khallaf/maknoon/pkg/crypto/decrypt.go:97.2,98.16 2 1
github.com/a-khallaf/maknoon/pkg/crypto/decrypt.go:98.16,100.3 1 0
github.com/a-khallaf/maknoon/pkg/crypto/decrypt.go:103.2,103.52 1 1
github.com/a-khallaf/maknoon/pkg/crypto/decrypt.go:106.88,111.6 4 1
github.com/a-khallaf/maknoon/pkg/crypto/decrypt.go:111.6,112.51 1 1
github.com/a-khallaf/maknoon/pkg/crypto/decrypt.go:112.51,113.21 1 1
github.com/a-khallaf/maknoon/pkg/crypto/decrypt.go:113.21,114.10 1 1
github.com/a-khallaf/maknoon/pkg/crypto/decrypt.go:116.4,116.14 1 0
github.com/a-khallaf/maknoon/pkg/crypto/decrypt.go:119.3,120.38 2 1
github.com/a-khallaf/maknoon/pkg/crypto/decrypt.go:120.38,122.4 1 1
github.com/a-khallaf/maknoon/pkg/crypto/decrypt.go:124.3,125.55 2 1
github.com/a-khallaf/maknoon/pkg/crypto/decrypt.go:125.55,127.4 1 0
github.com/a-khallaf/maknoon/pkg/crypto/decrypt.go:129.3,132.26 4 1
github.com/a-khallaf/maknoon/pkg/crypto/decrypt.go:132.26,134.4 1 1
github.com/a-khallaf/maknoon/pkg/crypto/decrypt.go:136.3,137.17 2 1
github.com/a-khallaf/maknoon/pkg/crypto/decrypt.go:137.17,139.4 1 1
github.com/a-khallaf/maknoon/pkg/crypto/decrypt.go:141.3,141.47 1 1
github.com/a-khallaf/maknoon/pkg/crypto/decrypt.go:141.47,143.4 1 0
github.com/a-khallaf/maknoon/pkg/crypto/decrypt.go:144.3,144.15 1 1
github.com/a-khallaf/maknoon/pkg/crypto/decrypt.go:146.2,146.12 1 1
github.com/a-khallaf/maknoon/pkg/crypto/encrypt.go:16.81,19.58 2 1
github.com/a-khallaf/maknoon/pkg/crypto/encrypt.go:19.58,21.3 1 0
github.com/a-khallaf/maknoon/pkg/crypto/encrypt.go:24.2,25.15 2 1
github.com/a-khallaf/maknoon/pkg/crypto/encrypt.go:25.15,26.22 1 1
github.com/a-khallaf/maknoon/pkg/crypto/encrypt.go:26.22,28.4 1 1
github.com/a-khallaf/maknoon/pkg/crypto/encrypt.go:32.2,33.16 2 1
github.com/a-khallaf/maknoon/pkg/crypto/encrypt.go:33.16,35.3 1 0
github.com/a-khallaf/maknoon/pkg/crypto/encrypt.go:36.2,37.63 2 1
github.com/a-khallaf/maknoon/pkg/crypto/encrypt.go:37.63,39.3 1 0
github.com/a-khallaf/maknoon/pkg/crypto/encrypt.go:42.2,42.56 1 1
github.com/a-khallaf/maknoon/pkg/crypto/encrypt.go:42.56,44.3 1 0
github.com/a-khallaf/maknoon/pkg/crypto/encrypt.go:45.2,45.59 1 1
github.com/a-khallaf/maknoon/pkg/crypto/encrypt.go:45.59,47.3 1 0
github.com/a-khallaf/maknoon/pkg/crypto/encrypt.go:48.2,48.41 1 1
github.com/a-khallaf/maknoon/pkg/crypto/encrypt.go:48.41,50.3 1 0
github.com/a-khallaf/maknoon/pkg/crypto/encrypt.go:51.2,51.46 1 1
github.com/a-khallaf/maknoon/pkg/crypto/encrypt.go:51.46,53.3 1 0
github.com/a-khallaf/maknoon/pkg/crypto/encrypt.go:56.2,56.45 1 1
github.com/a-khallaf/maknoon/pkg/crypto/encrypt.go:60.97,64.16 3 1
github.com/a-khallaf/maknoon/pkg/crypto/encrypt.go:64.16,66.3 1 0
github.com/a-khallaf/maknoon/pkg/crypto/encrypt.go:69.2,70.16 2 1
github.com/a-khallaf/maknoon/pkg/crypto/encrypt.go:70.16,72.3 1 0
github.com/a-khallaf/maknoon/pkg/crypto/encrypt.go:73.2,73.15 1 1
github.com/a-khallaf/maknoon/pkg/crypto/encrypt.go:73.15,74.21 1 1
github.com/a-khallaf/maknoon/pkg/crypto/encrypt.go:74.21,76.4 1 1
github.com/a-khallaf/maknoon/pkg/crypto/encrypt.go:80.2,81.16 2 1
github.com/a-khallaf/maknoon/pkg/crypto/encrypt.go:81.16,83.3 1 0
github.com/a-khallaf/maknoon/pkg/crypto/encrypt.go:84.2,85.63 2 1
github.com/a-khallaf/maknoon/pkg/crypto/encrypt.go:85.63,87.3 1 0
github.com/a-khallaf/maknoon/pkg/crypto/encrypt.go:90.2,90.60 1 1
github.com/a-khallaf/maknoon/pkg/crypto/encrypt.go:90.60,92.3 1 0
github.com/a-khallaf/maknoon/pkg/crypto/encrypt.go:93.2,93.59 1 1
github.com/a-khallaf/maknoon/pkg/crypto/encrypt.go:93.59,95.3 1 0
github.com/a-khallaf/maknoon/pkg/crypto/encrypt.go:96.2,96.39 1 1
github.com/a-khallaf/maknoon/pkg/crypto/encrypt.go:96.39,98.3 1 0
github.com/a-khallaf/maknoon/pkg/crypto/encrypt.go:99.2,99.46 1 1
github.com/a-khallaf/maknoon/pkg/crypto/encrypt.go:99.46,101.3 1 0
github.com/a-khallaf/maknoon/pkg/crypto/encrypt.go:104.2,104.45 1 1
github.com/a-khallaf/maknoon/pkg/crypto/encrypt.go:108.88,113.6 4 1
github.com/a-khallaf/maknoon/pkg/crypto/encrypt.go:113.6,115.12 2 1
github.com/a-khallaf/maknoon/pkg/crypto/encrypt.go:115.12,119.27 4 1
github.com/a-khallaf/maknoon/pkg/crypto/encrypt.go:119.27,121.5 1 1
github.com/a-khallaf/maknoon/pkg/crypto/encrypt.go:123.4,127.47 4 1
github.com/a-khallaf/maknoon/pkg/crypto/encrypt.go:127.47,129.5 1 0
github.com/a-khallaf/maknoon/pkg/crypto/encrypt.go:130.4,130.51 1 1
github.com/a-khallaf/maknoon/pkg/crypto/encrypt.go:130.51,132.5 1 0
github.com/a-khallaf/maknoon/pkg/crypto/encrypt.go:133.4,133.16 1 1
github.com/a-khallaf/maknoon/pkg/crypto/encrypt.go:136.3,136.20 1 1
github.com/a-khallaf/maknoon/pkg/crypto/encrypt.go:136.20,137.9 1 1
github.com/a-khallaf/maknoon/pkg/crypto/encrypt.go:139.3,139.17 1 1
github.com/a-khallaf/maknoon/pkg/crypto/encrypt.go:139.17,141.4 1 0
github.com/a-khallaf/maknoon/pkg/crypto/encrypt.go:143.2,143.12 1 1
github.com/a-khallaf/maknoon/pkg/crypto/identity.go:15.41,16.41 1 1
github.com/a-khallaf/maknoon/pkg/crypto/identity.go:16.41,18.3 1 1
github.com/a-khallaf/maknoon/pkg/crypto/identity.go:20.2,22.48 3 1
github.com/a-khallaf/maknoon/pkg/crypto/identity.go:22.48,24.3 1 0
github.com/a-khallaf/maknoon/pkg/crypto/identity.go:25.2,25.13 1 1
github.com/a-khallaf/maknoon/pkg/crypto/identity.go:29.35,32.2 2 1
github.com/a-khallaf/maknoon/pkg/crypto/identity.go:35.32,44.27 4 1
github.com/a-khallaf/maknoon/pkg/crypto/identity.go:44.27,45.48 1 1
github.com/a-khallaf/maknoon/pkg/crypto/identity.go:45.48,47.4 1 0
github.com/a-khallaf/maknoon/pkg/crypto/identity.go:49.2,49.12 1 1
github.com/a-khallaf/maknoon/pkg/crypto/pipeline.go:22.65,26.20 3 1
github.com/a-khallaf/maknoon/pkg/crypto/pipeline.go:26.20,30.13 4 1
github.com/a-khallaf/maknoon/pkg/crypto/pipeline.go:30.13,33.89 3 1
github.com/a-khallaf/maknoon/pkg/crypto/pipeline.go:33.89,34.19 1 1
github.com/a-khallaf/maknoon/pkg/crypto/pipeline.go:34.19,34.33 1 0
github.com/a-khallaf/maknoon/pkg/crypto/pipeline.go:35.5,36.19 2 1
github.com/a-khallaf/maknoon/pkg/crypto/pipeline.go:36.19,36.33 1 0
github.com/a-khallaf/maknoon/pkg/crypto/pipeline.go:37.5,38.19 2 1
github.com/a-khallaf/maknoon/pkg/crypto/pipeline.go:38.19,38.33 1 0
github.com/a-khallaf/maknoon/pkg/crypto/pipeline.go:39.5,40.50 2 1
github.com/a-khallaf/maknoon/pkg/crypto/pipeline.go:40.50,40.64 1 0
github.com/a-khallaf/maknoon/pkg/crypto/pipeline.go:41.5,41.22 1 1
github.com/a-khallaf/maknoon/pkg/crypto/pipeline.go:41.22,43.20 2 1
github.com/a-khallaf/maknoon/pkg/crypto/pipeline.go:43.20,43.34 1 0
github.com/a-khallaf/maknoon/pkg/crypto/pipeline.go:44.6,46.16 3 1
github.com/a-khallaf/maknoon/pkg/crypto/pipeline.go:48.5,48.15 1 1
github.com/a-khallaf/maknoon/pkg/crypto/pipeline.go:50.4,51.26 2 1
github.com/a-khallaf/maknoon/pkg/crypto/pipeline.go:53.8,55.17 2 1
github.com/a-khallaf/maknoon/pkg/crypto/pipeline.go:55.17,55.31 1 0
github.com/a-khallaf/maknoon/pkg/crypto/pipeline.go:56.3,57.19 2 1
github.com/a-khallaf/maknoon/pkg/crypto/pipeline.go:61.2,61.32 1 1
github.com/a-khallaf/maknoon/pkg/crypto/pipeline.go:61.32,66.3 1 0
github.com/a-khallaf/maknoon/pkg/crypto/pipeline.go:68.2,68.19 1 1
github.com/a-khallaf/maknoon/pkg/crypto/pipeline.go:68.19,73.13 5 1
github.com/a-khallaf/maknoon/pkg/crypto/pipeline.go:73.13,78.4 4 1
github.com/a-khallaf/maknoon/pkg/crypto/pipeline.go:81.2,81.29 1 1
github.com/a-khallaf/maknoon/pkg/crypto/pipeline.go:81.29,83.3 1 0
github.com/a-khallaf/maknoon/pkg/crypto/pipeline.go:84.2,84.63 1 1
github.com/a-khallaf/maknoon/pkg/crypto/pipeline.go:88.58,89.21 1 1
github.com/a-khallaf/maknoon/pkg/crypto/pipeline.go:89.21,90.54 1 1
github.com/a-khallaf/maknoon/pkg/crypto/pipeline.go:90.54,90.68 1 0
github.com/a-khallaf/maknoon/pkg/crypto/pipeline.go:92.2,93.6 2 1
github.com/a-khallaf/maknoon/pkg/crypto/pipeline.go:93.6,95.20 2 1
github.com/a-khallaf/maknoon/pkg/crypto/pipeline.go:95.20,95.27 1 1
github.com/a-khallaf/maknoon/pkg/crypto/pipeline.go:96.3,96.17 1 1
github.com/a-khallaf/maknoon/pkg/crypto/pipeline.go:96.17,96.31 1 0
github.com/a-khallaf/maknoon/pkg/crypto/pipeline.go:97.3,98.22 2 1
github.com/a-khallaf/maknoon/pkg/crypto/pipeline.go:98.22,98.67 1 1
github.com/a-khallaf/maknoon/pkg/crypto/pipeline.go:100.3,100.21 1 1
github.com/a-khallaf/maknoon/pkg/crypto/pipeline.go:101.20,102.29 1 1
github.com/a-khallaf/maknoon/pkg/crypto/pipeline.go:103.20,106.18 3 1
github.com/a-khallaf/maknoon/pkg/crypto/pipeline.go:106.18,106.32 1 0
github.com/a-khallaf/maknoon/pkg/crypto/pipeline.go:107.4,108.13 2 1
github.com/a-khallaf/maknoon/pkg/crypto/pipeline.go:111.2,111.12 1 1
github.com/a-khallaf/maknoon/pkg/crypto/safe.go:5.26,6.19 1 1
github.com/a-khallaf/maknoon/pkg/crypto/safe.go:6.19,8.3 1 1
github.com/a-khallaf/maknoon/pkg/crypto/safe.go:12.34,13.19 1 1
github.com/a-khallaf/maknoon/pkg/crypto/safe.go:13.19,15.3 1 1
github.com/a-khallaf/maknoon/pkg/crypto/vault.go:13.51,16.2 2 1
github.com/a-khallaf/maknoon/pkg/crypto/vault.go:27.69,29.16 2 1
github.com/a-khallaf/maknoon/pkg/crypto/vault.go:29.16,31.3 1 0
github.com/a-khallaf/maknoon/pkg/crypto/vault.go:33.2,34.16 2 1
github.com/a-khallaf/maknoon/pkg/crypto/vault.go:34.16,36.3 1 0
github.com/a-khallaf/maknoon/pkg/crypto/vault.go:38.2,39.44 2 1
github.com/a-khallaf/maknoon/pkg/crypto/vault.go:39.44,41.3 1 0
github.com/a-khallaf/maknoon/pkg/crypto/vault.go:43.2,44.24 2 1
github.com/a-khallaf/maknoon/pkg/crypto/vault.go:48.74,50.16 2 1
github.com/a-khallaf/maknoon/pkg/crypto/vault.go:50.16,52.3 1 0
github.com/a-khallaf/maknoon/pkg/crypto/vault.go:54.2,54.40 1 1
github.com/a-khallaf/maknoon/pkg/crypto/vault.go:54.40,56.3 1 1
github.com/a-khallaf/maknoon/pkg/crypto/vault.go:58.2,62.16 4 1
github.com/a-khallaf/maknoon/pkg/crypto/vault.go:62.16,64.3 1 1
github.com/a-khallaf/maknoon/pkg/crypto/vault.go:66.2,67.58 2 1
github.com/a-khallaf/maknoon/pkg/crypto/vault.go:67.58,69.3 1 0
github.com/a-khallaf/maknoon/pkg/crypto/vault.go:72.2,72.15 1 1
github.com/a-khallaf/maknoon/pkg/crypto/vault.go:72.15,73.28 1 1
github.com/a-khallaf/maknoon/pkg/crypto/vault.go:73.28,75.4 1 1
github.com/a-khallaf/maknoon/pkg/crypto/vault.go:78.2,78.20 1 1
